<?xml version="1.0" encoding="UTF-8"?>
<testsuite xmlns:xsi="http://www.w3.org/2001/XMLSchema-instance" xsi:noNamespaceSchemaLocation="https://maven.apache.org/surefire/maven-surefire-plugin/xsd/surefire-test-report.xsd" name="com.example.controller.ArticleControllerTest" time="0.037" tests="6" errors="0" skipped="0" failures="0">
  <properties>
    <property name="java.specification.version" value="20"/>
    <property name="sun.cpu.isalist" value="amd64"/>
    <property name="sun.jnu.encoding" value="GBK"/>
    <property name="java.class.path" value="C:\Users\shuyuan\Desktop\2024春\软件工程\article_manager\article_manager\target\test-classes;C:\Users\shuyuan\Desktop\2024春\软件工程\article_manager\article_manager\target\classes;D:\Jetbrains\maven-3.6.3\maven-repository\org\springframework\boot\spring-boot-starter-web\3.1.3\spring-boot-starter-web-3.1.3.jar;D:\Jetbrains\maven-3.6.3\maven-repository\org\springframework\boot\spring-boot-starter\3.1.3\spring-boot-starter-3.1.3.jar;D:\Jetbrains\maven-3.6.3\maven-repository\org\springframework\boot\spring-boot\3.1.3\spring-boot-3.1.3.jar;D:\Jetbrains\maven-3.6.3\maven-repository\org\springframework\boot\spring-boot-autoconfigure\3.1.3\spring-boot-autoconfigure-3.1.3.jar;D:\Jetbrains\maven-3.6.3\maven-repository\org\springframework\boot\spring-boot-starter-logging\3.1.3\spring-boot-starter-logging-3.1.3.jar;D:\Jetbrains\maven-3.6.3\maven-repository\ch\qos\logback\logback-classic\1.4.11\logback-classic-1.4.11.jar;D:\Jetbrains\maven-3.6.3\maven-repository\ch\qos\logback\logback-core\1.4.11\logback-core-1.4.11.jar;D:\Jetbrains\maven-3.6.3\maven-repository\org\apache\logging\log4j\log4j-to-slf4j\2.20.0\log4j-to-slf4j-2.20.0.jar;D:\Jetbrains\maven-3.6.3\maven-repository\org\apache\logging\log4j\log4j-api\2.20.0\log4j-api-2.20.0.jar;D:\Jetbrains\maven-3.6.3\maven-repository\org\slf4j\jul-to-slf4j\2.0.7\jul-to-slf4j-2.0.7.jar;D:\Jetbrains\maven-3.6.3\maven-repository\jakarta\annotation\jakarta.annotation-api\2.1.1\jakarta.annotation-api-2.1.1.jar;D:\Jetbrains\maven-3.6.3\maven-repository\org\yaml\snakeyaml\1.33\snakeyaml-1.33.jar;D:\Jetbrains\maven-3.6.3\maven-repository\org\springframework\boot\spring-boot-starter-json\3.1.3\spring-boot-starter-json-3.1.3.jar;D:\Jetbrains\maven-3.6.3\maven-repository\com\fasterxml\jackson\datatype\jackson-datatype-jdk8\2.15.2\jackson-datatype-jdk8-2.15.2.jar;D:\Jetbrains\maven-3.6.3\maven-repository\com\fasterxml\jackson\datatype\jackson-datatype-jsr310\2.15.2\jackson-datatype-jsr310-2.15.2.jar;D:\Jetbrains\maven-3.6.3\maven-repository\com\fasterxml\jackson\module\jackson-module-parameter-names\2.15.2\jackson-module-parameter-names-2.15.2.jar;D:\Jetbrains\maven-3.6.3\maven-repository\org\springframework\boot\spring-boot-starter-tomcat\3.1.3\spring-boot-starter-tomcat-3.1.3.jar;D:\Jetbrains\maven-3.6.3\maven-repository\org\apache\tomcat\embed\tomcat-embed-core\10.1.12\tomcat-embed-core-10.1.12.jar;D:\Jetbrains\maven-3.6.3\maven-repository\org\apache\tomcat\embed\tomcat-embed-websocket\10.1.12\tomcat-embed-websocket-10.1.12.jar;D:\Jetbrains\maven-3.6.3\maven-repository\org\springframework\spring-web\6.0.11\spring-web-6.0.11.jar;D:\Jetbrains\maven-3.6.3\maven-repository\org\springframework\spring-beans\6.0.11\spring-beans-6.0.11.jar;D:\Jetbrains\maven-3.6.3\maven-repository\io\micrometer\micrometer-observation\1.11.3\micrometer-observation-1.11.3.jar;D:\Jetbrains\maven-3.6.3\maven-repository\io\micrometer\micrometer-commons\1.11.3\micrometer-commons-1.11.3.jar;D:\Jetbrains\maven-3.6.3\maven-repository\org\springframework\spring-webmvc\6.0.11\spring-webmvc-6.0.11.jar;D:\Jetbrains\maven-3.6.3\maven-repository\org\springframework\spring-aop\6.0.11\spring-aop-6.0.11.jar;D:\Jetbrains\maven-3.6.3\maven-repository\org\springframework\spring-context\6.0.11\spring-context-6.0.11.jar;D:\Jetbrains\maven-3.6.3\maven-repository\org\springframework\spring-expression\6.0.11\spring-expression-6.0.11.jar;D:\Jetbrains\maven-3.6.3\maven-repository\org\mybatis\spring\boot\mybatis-spring-boot-starter\3.0.0\mybatis-spring-boot-starter-3.0.0.jar;D:\Jetbrains\maven-3.6.3\maven-repository\org\springframework\boot\spring-boot-starter-jdbc\3.1.3\spring-boot-starter-jdbc-3.1.3.jar;D:\Jetbrains\maven-3.6.3\maven-repository\com\zaxxer\HikariCP\5.0.1\HikariCP-5.0.1.jar;D:\Jetbrains\maven-3.6.3\maven-repository\org\springframework\spring-jdbc\6.0.11\spring-jdbc-6.0.11.jar;D:\Jetbrains\maven-3.6.3\maven-repository\org\mybatis\spring\boot\mybatis-spring-boot-autoconfigure\3.0.0\mybatis-spring-boot-autoconfigure-3.0.0.jar;D:\Jetbrains\maven-3.6.3\maven-repository\org\mybatis\mybatis\3.5.11\mybatis-3.5.11.jar;D:\Jetbrains\maven-3.6.3\maven-repository\org\mybatis\mybatis-spring\3.0.0\mybatis-spring-3.0.0.jar;D:\Jetbrains\maven-3.6.3\maven-repository\com\mysql\mysql-connector-j\8.0.33\mysql-connector-j-8.0.33.jar;D:\Jetbrains\maven-3.6.3\maven-repository\org\projectlombok\lombok\1.18.28\lombok-1.18.28.jar;D:\Jetbrains\maven-3.6.3\maven-repository\org\springframework\boot\spring-boot-starter-validation\3.1.3\spring-boot-starter-validation-3.1.3.jar;D:\Jetbrains\maven-3.6.3\maven-repository\org\apache\tomcat\embed\tomcat-embed-el\10.1.12\tomcat-embed-el-10.1.12.jar;D:\Jetbrains\maven-3.6.3\maven-repository\org\hibernate\validator\hibernate-validator\8.0.1.Final\hibernate-validator-8.0.1.Final.jar;D:\Jetbrains\maven-3.6.3\maven-repository\jakarta\validation\jakarta.validation-api\3.0.2\jakarta.validation-api-3.0.2.jar;D:\Jetbrains\maven-3.6.3\maven-repository\org\jboss\logging\jboss-logging\3.5.3.Final\jboss-logging-3.5.3.Final.jar;D:\Jetbrains\maven-3.6.3\maven-repository\com\fasterxml\classmate\1.5.1\classmate-1.5.1.jar;D:\Jetbrains\maven-3.6.3\maven-repository\com\auth0\java-jwt\4.4.0\java-jwt-4.4.0.jar;D:\Jetbrains\maven-3.6.3\maven-repository\com\fasterxml\jackson\core\jackson-databind\2.15.2\jackson-databind-2.15.2.jar;D:\Jetbrains\maven-3.6.3\maven-repository\com\fasterxml\jackson\core\jackson-annotations\2.15.2\jackson-annotations-2.15.2.jar;D:\Jetbrains\maven-3.6.3\maven-repository\com\fasterxml\jackson\core\jackson-core\2.15.2\jackson-core-2.15.2.jar;D:\Jetbrains\maven-3.6.3\maven-repository\org\springframework\boot\spring-boot-starter-test\3.1.3\spring-boot-starter-test-3.1.3.jar;D:\Jetbrains\maven-3.6.3\maven-repository\org\springframework\boot\spring-boot-test\3.1.3\spring-boot-test-3.1.3.jar;D:\Jetbrains\maven-3.6.3\maven-repository\org\springframework\boot\spring-boot-test-autoconfigure\3.1.3\spring-boot-test-autoconfigure-3.1.3.jar;D:\Jetbrains\maven-3.6.3\maven-repository\com\jayway\jsonpath\json-path\2.8.0\json-path-2.8.0.jar;D:\Jetbrains\maven-3.6.3\maven-repository\org\slf4j\slf4j-api\2.0.7\slf4j-api-2.0.7.jar;D:\Jetbrains\maven-3.6.3\maven-repository\jakarta\xml\bind\jakarta.xml.bind-api\4.0.0\jakarta.xml.bind-api-4.0.0.jar;D:\Jetbrains\maven-3.6.3\maven-repository\jakarta\activation\jakarta.activation-api\2.1.2\jakarta.activation-api-2.1.2.jar;D:\Jetbrains\maven-3.6.3\maven-repository\net\minidev\json-smart\2.4.11\json-smart-2.4.11.jar;D:\Jetbrains\maven-3.6.3\maven-repository\net\minidev\accessors-smart\2.4.11\accessors-smart-2.4.11.jar;D:\Jetbrains\maven-3.6.3\maven-repository\org\ow2\asm\asm\9.3\asm-9.3.jar;D:\Jetbrains\maven-3.6.3\maven-repository\org\assertj\assertj-core\3.24.2\assertj-core-3.24.2.jar;D:\Jetbrains\maven-3.6.3\maven-repository\net\bytebuddy\byte-buddy\1.14.6\byte-buddy-1.14.6.jar;D:\Jetbrains\maven-3.6.3\maven-repository\org\hamcrest\hamcrest\2.2\hamcrest-2.2.jar;D:\Jetbrains\maven-3.6.3\maven-repository\org\junit\jupiter\junit-jupiter\5.9.3\junit-jupiter-5.9.3.jar;D:\Jetbrains\maven-3.6.3\maven-repository\org\junit\jupiter\junit-jupiter-api\5.9.3\junit-jupiter-api-5.9.3.jar;D:\Jetbrains\maven-3.6.3\maven-repository\org\opentest4j\opentest4j\1.2.0\opentest4j-1.2.0.jar;D:\Jetbrains\maven-3.6.3\maven-repository\org\junit\platform\junit-platform-commons\1.9.3\junit-platform-commons-1.9.3.jar;D:\Jetbrains\maven-3.6.3\maven-repository\org\apiguardian\apiguardian-api\1.1.2\apiguardian-api-1.1.2.jar;D:\Jetbrains\maven-3.6.3\maven-repository\org\junit\jupiter\junit-jupiter-params\5.9.3\junit-jupiter-params-5.9.3.jar;D:\Jetbrains\maven-3.6.3\maven-repository\org\junit\jupiter\junit-jupiter-engine\5.9.3\junit-jupiter-engine-5.9.3.jar;D:\Jetbrains\maven-3.6.3\maven-repository\org\junit\platform\junit-platform-engine\1.9.3\junit-platform-engine-1.9.3.jar;D:\Jetbrains\maven-3.6.3\maven-repository\org\mockito\mockito-core\5.3.1\mockito-core-5.3.1.jar;D:\Jetbrains\maven-3.6.3\maven-repository\net\bytebuddy\byte-buddy-agent\1.14.6\byte-buddy-agent-1.14.6.jar;D:\Jetbrains\maven-3.6.3\maven-repository\org\objenesis\objenesis\3.3\objenesis-3.3.jar;D:\Jetbrains\maven-3.6.3\maven-repository\org\mockito\mockito-junit-jupiter\5.3.1\mockito-junit-jupiter-5.3.1.jar;D:\Jetbrains\maven-3.6.3\maven-repository\org\skyscreamer\jsonassert\1.5.1\jsonassert-1.5.1.jar;D:\Jetbrains\maven-3.6.3\maven-repository\com\vaadin\external\google\android-json\0.0.20131108.vaadin1\android-json-0.0.20131108.vaadin1.jar;D:\Jetbrains\maven-3.6.3\maven-repository\org\springframework\spring-core\6.0.11\spring-core-6.0.11.jar;D:\Jetbrains\maven-3.6.3\maven-repository\org\springframework\spring-jcl\6.0.11\spring-jcl-6.0.11.jar;D:\Jetbrains\maven-3.6.3\maven-repository\org\springframework\spring-test\6.0.11\spring-test-6.0.11.jar;D:\Jetbrains\maven-3.6.3\maven-repository\org\xmlunit\xmlunit-core\2.9.1\xmlunit-core-2.9.1.jar;D:\Jetbrains\maven-3.6.3\maven-repository\com\github\pagehelper\pagehelper-spring-boot-starter\1.4.6\pagehelper-spring-boot-starter-1.4.6.jar;D:\Jetbrains\maven-3.6.3\maven-repository\com\github\pagehelper\pagehelper-spring-boot-autoconfigure\1.4.6\pagehelper-spring-boot-autoconfigure-1.4.6.jar;D:\Jetbrains\maven-3.6.3\maven-repository\com\github\pagehelper\pagehelper\5.3.2\pagehelper-5.3.2.jar;D:\Jetbrains\maven-3.6.3\maven-repository\com\github\jsqlparser\jsqlparser\4.5\jsqlparser-4.5.jar;D:\Jetbrains\maven-3.6.3\maven-repository\org\springframework\boot\spring-boot-starter-data-redis\3.1.3\spring-boot-starter-data-redis-3.1.3.jar;D:\Jetbrains\maven-3.6.3\maven-repository\org\springframework\data\spring-data-redis\3.1.3\spring-data-redis-3.1.3.jar;D:\Jetbrains\maven-3.6.3\maven-repository\org\springframework\data\spring-data-keyvalue\3.1.3\spring-data-keyvalue-3.1.3.jar;D:\Jetbrains\maven-3.6.3\maven-repository\org\springframework\data\spring-data-commons\3.1.3\spring-data-commons-3.1.3.jar;D:\Jetbrains\maven-3.6.3\maven-repository\org\springframework\spring-tx\6.0.11\spring-tx-6.0.11.jar;D:\Jetbrains\maven-3.6.3\maven-repository\org\springframework\spring-oxm\6.0.11\spring-oxm-6.0.11.jar;D:\Jetbrains\maven-3.6.3\maven-repository\org\springframework\spring-context-support\6.0.11\spring-context-support-6.0.11.jar;D:\Jetbrains\maven-3.6.3\maven-repository\io\lettuce\lettuce-core\6.2.6.RELEASE\lettuce-core-6.2.6.RELEASE.jar;D:\Jetbrains\maven-3.6.3\maven-repository\io\netty\netty-common\4.1.97.Final\netty-common-4.1.97.Final.jar;D:\Jetbrains\maven-3.6.3\maven-repository\io\netty\netty-handler\4.1.97.Final\netty-handler-4.1.97.Final.jar;D:\Jetbrains\maven-3.6.3\maven-repository\io\netty\netty-resolver\4.1.97.Final\netty-resolver-4.1.97.Final.jar;D:\Jetbrains\maven-3.6.3\maven-repository\io\netty\netty-buffer\4.1.97.Final\netty-buffer-4.1.97.Final.jar;D:\Jetbrains\maven-3.6.3\maven-repository\io\netty\netty-transport-native-unix-common\4.1.97.Final\netty-transport-native-unix-common-4.1.97.Final.jar;D:\Jetbrains\maven-3.6.3\maven-repository\io\netty\netty-codec\4.1.97.Final\netty-codec-4.1.97.Final.jar;D:\Jetbrains\maven-3.6.3\maven-repository\io\netty\netty-transport\4.1.97.Final\netty-transport-4.1.97.Final.jar;D:\Jetbrains\maven-3.6.3\maven-repository\io\projectreactor\reactor-core\3.5.9\reactor-core-3.5.9.jar;D:\Jetbrains\maven-3.6.3\maven-repository\org\reactivestreams\reactive-streams\1.0.4\reactive-streams-1.0.4.jar;"/>
    <property name="java.vm.vendor" value="Oracle Corporation"/>
    <property name="sun.arch.data.model" value="64"/>
    <property name="user.variant" value=""/>
    <property name="java.vendor.url" value="https://java.oracle.com/"/>
    <property name="user.timezone" value="Asia/Shanghai"/>
    <property name="os.name" value="Windows 10"/>
    <property name="java.vm.specification.version" value="20"/>
    <property name="sun.java.launcher" value="SUN_STANDARD"/>
    <property name="user.country" value="CN"/>
    <property name="sun.boot.library.path" value="D:\Jetbrains\jdk\jdk20\jdk-20\bin"/>
    <property name="sun.java.command" value="C:\Users\shuyuan\AppData\Local\Temp\surefire15801363124751402410\surefirebooter838950792469645931.jar C:\Users\shuyuan\AppData\Local\Temp\surefire15801363124751402410 2024-06-27T16-43-05_024-jvmRun1 surefire4144909376525805064tmp surefire_014452534586775190119tmp"/>
    <property name="jdk.debug" value="release"/>
    <property name="surefire.test.class.path" value="C:\Users\shuyuan\Desktop\2024春\软件工程\article_manager\article_manager\target\test-classes;C:\Users\shuyuan\Desktop\2024春\软件工程\article_manager\article_manager\target\classes;D:\Jetbrains\maven-3.6.3\maven-repository\org\springframework\boot\spring-boot-starter-web\3.1.3\spring-boot-starter-web-3.1.3.jar;D:\Jetbrains\maven-3.6.3\maven-repository\org\springframework\boot\spring-boot-starter\3.1.3\spring-boot-starter-3.1.3.jar;D:\Jetbrains\maven-3.6.3\maven-repository\org\springframework\boot\spring-boot\3.1.3\spring-boot-3.1.3.jar;D:\Jetbrains\maven-3.6.3\maven-repository\org\springframework\boot\spring-boot-autoconfigure\3.1.3\spring-boot-autoconfigure-3.1.3.jar;D:\Jetbrains\maven-3.6.3\maven-repository\org\springframework\boot\spring-boot-starter-logging\3.1.3\spring-boot-starter-logging-3.1.3.jar;D:\Jetbrains\maven-3.6.3\maven-repository\ch\qos\logback\logback-classic\1.4.11\logback-classic-1.4.11.jar;D:\Jetbrains\maven-3.6.3\maven-repository\ch\qos\logback\logback-core\1.4.11\logback-core-1.4.11.jar;D:\Jetbrains\maven-3.6.3\maven-repository\org\apache\logging\log4j\log4j-to-slf4j\2.20.0\log4j-to-slf4j-2.20.0.jar;D:\Jetbrains\maven-3.6.3\maven-repository\org\apache\logging\log4j\log4j-api\2.20.0\log4j-api-2.20.0.jar;D:\Jetbrains\maven-3.6.3\maven-repository\org\slf4j\jul-to-slf4j\2.0.7\jul-to-slf4j-2.0.7.jar;D:\Jetbrains\maven-3.6.3\maven-repository\jakarta\annotation\jakarta.annotation-api\2.1.1\jakarta.annotation-api-2.1.1.jar;D:\Jetbrains\maven-3.6.3\maven-repository\org\yaml\snakeyaml\1.33\snakeyaml-1.33.jar;D:\Jetbrains\maven-3.6.3\maven-repository\org\springframework\boot\spring-boot-starter-json\3.1.3\spring-boot-starter-json-3.1.3.jar;D:\Jetbrains\maven-3.6.3\maven-repository\com\fasterxml\jackson\datatype\jackson-datatype-jdk8\2.15.2\jackson-datatype-jdk8-2.15.2.jar;D:\Jetbrains\maven-3.6.3\maven-repository\com\fasterxml\jackson\datatype\jackson-datatype-jsr310\2.15.2\jackson-datatype-jsr310-2.15.2.jar;D:\Jetbrains\maven-3.6.3\maven-repository\com\fasterxml\jackson\module\jackson-module-parameter-names\2.15.2\jackson-module-parameter-names-2.15.2.jar;D:\Jetbrains\maven-3.6.3\maven-repository\org\springframework\boot\spring-boot-starter-tomcat\3.1.3\spring-boot-starter-tomcat-3.1.3.jar;D:\Jetbrains\maven-3.6.3\maven-repository\org\apache\tomcat\embed\tomcat-embed-core\10.1.12\tomcat-embed-core-10.1.12.jar;D:\Jetbrains\maven-3.6.3\maven-repository\org\apache\tomcat\embed\tomcat-embed-websocket\10.1.12\tomcat-embed-websocket-10.1.12.jar;D:\Jetbrains\maven-3.6.3\maven-repository\org\springframework\spring-web\6.0.11\spring-web-6.0.11.jar;D:\Jetbrains\maven-3.6.3\maven-repository\org\springframework\spring-beans\6.0.11\spring-beans-6.0.11.jar;D:\Jetbrains\maven-3.6.3\maven-repository\io\micrometer\micrometer-observation\1.11.3\micrometer-observation-1.11.3.jar;D:\Jetbrains\maven-3.6.3\maven-repository\io\micrometer\micrometer-commons\1.11.3\micrometer-commons-1.11.3.jar;D:\Jetbrains\maven-3.6.3\maven-repository\org\springframework\spring-webmvc\6.0.11\spring-webmvc-6.0.11.jar;D:\Jetbrains\maven-3.6.3\maven-repository\org\springframework\spring-aop\6.0.11\spring-aop-6.0.11.jar;D:\Jetbrains\maven-3.6.3\maven-repository\org\springframework\spring-context\6.0.11\spring-context-6.0.11.jar;D:\Jetbrains\maven-3.6.3\maven-repository\org\springframework\spring-expression\6.0.11\spring-expression-6.0.11.jar;D:\Jetbrains\maven-3.6.3\maven-repository\org\mybatis\spring\boot\mybatis-spring-boot-starter\3.0.0\mybatis-spring-boot-starter-3.0.0.jar;D:\Jetbrains\maven-3.6.3\maven-repository\org\springframework\boot\spring-boot-starter-jdbc\3.1.3\spring-boot-starter-jdbc-3.1.3.jar;D:\Jetbrains\maven-3.6.3\maven-repository\com\zaxxer\HikariCP\5.0.1\HikariCP-5.0.1.jar;D:\Jetbrains\maven-3.6.3\maven-repository\org\springframework\spring-jdbc\6.0.11\spring-jdbc-6.0.11.jar;D:\Jetbrains\maven-3.6.3\maven-repository\org\mybatis\spring\boot\mybatis-spring-boot-autoconfigure\3.0.0\mybatis-spring-boot-autoconfigure-3.0.0.jar;D:\Jetbrains\maven-3.6.3\maven-repository\org\mybatis\mybatis\3.5.11\mybatis-3.5.11.jar;D:\Jetbrains\maven-3.6.3\maven-repository\org\mybatis\mybatis-spring\3.0.0\mybatis-spring-3.0.0.jar;D:\Jetbrains\maven-3.6.3\maven-repository\com\mysql\mysql-connector-j\8.0.33\mysql-connector-j-8.0.33.jar;D:\Jetbrains\maven-3.6.3\maven-repository\org\projectlombok\lombok\1.18.28\lombok-1.18.28.jar;D:\Jetbrains\maven-3.6.3\maven-repository\org\springframework\boot\spring-boot-starter-validation\3.1.3\spring-boot-starter-validation-3.1.3.jar;D:\Jetbrains\maven-3.6.3\maven-repository\org\apache\tomcat\embed\tomcat-embed-el\10.1.12\tomcat-embed-el-10.1.12.jar;D:\Jetbrains\maven-3.6.3\maven-repository\org\hibernate\validator\hibernate-validator\8.0.1.Final\hibernate-validator-8.0.1.Final.jar;D:\Jetbrains\maven-3.6.3\maven-repository\jakarta\validation\jakarta.validation-api\3.0.2\jakarta.validation-api-3.0.2.jar;D:\Jetbrains\maven-3.6.3\maven-repository\org\jboss\logging\jboss-logging\3.5.3.Final\jboss-logging-3.5.3.Final.jar;D:\Jetbrains\maven-3.6.3\maven-repository\com\fasterxml\classmate\1.5.1\classmate-1.5.1.jar;D:\Jetbrains\maven-3.6.3\maven-repository\com\auth0\java-jwt\4.4.0\java-jwt-4.4.0.jar;D:\Jetbrains\maven-3.6.3\maven-repository\com\fasterxml\jackson\core\jackson-databind\2.15.2\jackson-databind-2.15.2.jar;D:\Jetbrains\maven-3.6.3\maven-repository\com\fasterxml\jackson\core\jackson-annotations\2.15.2\jackson-annotations-2.15.2.jar;D:\Jetbrains\maven-3.6.3\maven-repository\com\fasterxml\jackson\core\jackson-core\2.15.2\jackson-core-2.15.2.jar;D:\Jetbrains\maven-3.6.3\maven-repository\org\springframework\boot\spring-boot-starter-test\3.1.3\spring-boot-starter-test-3.1.3.jar;D:\Jetbrains\maven-3.6.3\maven-repository\org\springframework\boot\spring-boot-test\3.1.3\spring-boot-test-3.1.3.jar;D:\Jetbrains\maven-3.6.3\maven-repository\org\springframework\boot\spring-boot-test-autoconfigure\3.1.3\spring-boot-test-autoconfigure-3.1.3.jar;D:\Jetbrains\maven-3.6.3\maven-repository\com\jayway\jsonpath\json-path\2.8.0\json-path-2.8.0.jar;D:\Jetbrains\maven-3.6.3\maven-repository\org\slf4j\slf4j-api\2.0.7\slf4j-api-2.0.7.jar;D:\Jetbrains\maven-3.6.3\maven-repository\jakarta\xml\bind\jakarta.xml.bind-api\4.0.0\jakarta.xml.bind-api-4.0.0.jar;D:\Jetbrains\maven-3.6.3\maven-repository\jakarta\activation\jakarta.activation-api\2.1.2\jakarta.activation-api-2.1.2.jar;D:\Jetbrains\maven-3.6.3\maven-repository\net\minidev\json-smart\2.4.11\json-smart-2.4.11.jar;D:\Jetbrains\maven-3.6.3\maven-repository\net\minidev\accessors-smart\2.4.11\accessors-smart-2.4.11.jar;D:\Jetbrains\maven-3.6.3\maven-repository\org\ow2\asm\asm\9.3\asm-9.3.jar;D:\Jetbrains\maven-3.6.3\maven-repository\org\assertj\assertj-core\3.24.2\assertj-core-3.24.2.jar;D:\Jetbrains\maven-3.6.3\maven-repository\net\bytebuddy\byte-buddy\1.14.6\byte-buddy-1.14.6.jar;D:\Jetbrains\maven-3.6.3\maven-repository\org\hamcrest\hamcrest\2.2\hamcrest-2.2.jar;D:\Jetbrains\maven-3.6.3\maven-repository\org\junit\jupiter\junit-jupiter\5.9.3\junit-jupiter-5.9.3.jar;D:\Jetbrains\maven-3.6.3\maven-repository\org\junit\jupiter\junit-jupiter-api\5.9.3\junit-jupiter-api-5.9.3.jar;D:\Jetbrains\maven-3.6.3\maven-repository\org\opentest4j\opentest4j\1.2.0\opentest4j-1.2.0.jar;D:\Jetbrains\maven-3.6.3\maven-repository\org\junit\platform\junit-platform-commons\1.9.3\junit-platform-commons-1.9.3.jar;D:\Jetbrains\maven-3.6.3\maven-repository\org\apiguardian\apiguardian-api\1.1.2\apiguardian-api-1.1.2.jar;D:\Jetbrains\maven-3.6.3\maven-repository\org\junit\jupiter\junit-jupiter-params\5.9.3\junit-jupiter-params-5.9.3.jar;D:\Jetbrains\maven-3.6.3\maven-repository\org\junit\jupiter\junit-jupiter-engine\5.9.3\junit-jupiter-engine-5.9.3.jar;D:\Jetbrains\maven-3.6.3\maven-repository\org\junit\platform\junit-platform-engine\1.9.3\junit-platform-engine-1.9.3.jar;D:\Jetbrains\maven-3.6.3\maven-repository\org\mockito\mockito-core\5.3.1\mockito-core-5.3.1.jar;D:\Jetbrains\maven-3.6.3\maven-repository\net\bytebuddy\byte-buddy-agent\1.14.6\byte-buddy-agent-1.14.6.jar;D:\Jetbrains\maven-3.6.3\maven-repository\org\objenesis\objenesis\3.3\objenesis-3.3.jar;D:\Jetbrains\maven-3.6.3\maven-repository\org\mockito\mockito-junit-jupiter\5.3.1\mockito-junit-jupiter-5.3.1.jar;D:\Jetbrains\maven-3.6.3\maven-repository\org\skyscreamer\jsonassert\1.5.1\jsonassert-1.5.1.jar;D:\Jetbrains\maven-3.6.3\maven-repository\com\vaadin\external\google\android-json\0.0.20131108.vaadin1\android-json-0.0.20131108.vaadin1.jar;D:\Jetbrains\maven-3.6.3\maven-repository\org\springframework\spring-core\6.0.11\spring-core-6.0.11.jar;D:\Jetbrains\maven-3.6.3\maven-repository\org\springframework\spring-jcl\6.0.11\spring-jcl-6.0.11.jar;D:\Jetbrains\maven-3.6.3\maven-repository\org\springframework\spring-test\6.0.11\spring-test-6.0.11.jar;D:\Jetbrains\maven-3.6.3\maven-repository\org\xmlunit\xmlunit-core\2.9.1\xmlunit-core-2.9.1.jar;D:\Jetbrains\maven-3.6.3\maven-repository\com\github\pagehelper\pagehelper-spring-boot-starter\1.4.6\pagehelper-spring-boot-starter-1.4.6.jar;D:\Jetbrains\maven-3.6.3\maven-repository\com\github\pagehelper\pagehelper-spring-boot-autoconfigure\1.4.6\pagehelper-spring-boot-autoconfigure-1.4.6.jar;D:\Jetbrains\maven-3.6.3\maven-repository\com\github\pagehelper\pagehelper\5.3.2\pagehelper-5.3.2.jar;D:\Jetbrains\maven-3.6.3\maven-repository\com\github\jsqlparser\jsqlparser\4.5\jsqlparser-4.5.jar;D:\Jetbrains\maven-3.6.3\maven-repository\org\springframework\boot\spring-boot-starter-data-redis\3.1.3\spring-boot-starter-data-redis-3.1.3.jar;D:\Jetbrains\maven-3.6.3\maven-repository\org\springframework\data\spring-data-redis\3.1.3\spring-data-redis-3.1.3.jar;D:\Jetbrains\maven-3.6.3\maven-repository\org\springframework\data\spring-data-keyvalue\3.1.3\spring-data-keyvalue-3.1.3.jar;D:\Jetbrains\maven-3.6.3\maven-repository\org\springframework\data\spring-data-commons\3.1.3\spring-data-commons-3.1.3.jar;D:\Jetbrains\maven-3.6.3\maven-repository\org\springframework\spring-tx\6.0.11\spring-tx-6.0.11.jar;D:\Jetbrains\maven-3.6.3\maven-repository\org\springframework\spring-oxm\6.0.11\spring-oxm-6.0.11.jar;D:\Jetbrains\maven-3.6.3\maven-repository\org\springframework\spring-context-support\6.0.11\spring-context-support-6.0.11.jar;D:\Jetbrains\maven-3.6.3\maven-repository\io\lettuce\lettuce-core\6.2.6.RELEASE\lettuce-core-6.2.6.RELEASE.jar;D:\Jetbrains\maven-3.6.3\maven-repository\io\netty\netty-common\4.1.97.Final\netty-common-4.1.97.Final.jar;D:\Jetbrains\maven-3.6.3\maven-repository\io\netty\netty-handler\4.1.97.Final\netty-handler-4.1.97.Final.jar;D:\Jetbrains\maven-3.6.3\maven-repository\io\netty\netty-resolver\4.1.97.Final\netty-resolver-4.1.97.Final.jar;D:\Jetbrains\maven-3.6.3\maven-repository\io\netty\netty-buffer\4.1.97.Final\netty-buffer-4.1.97.Final.jar;D:\Jetbrains\maven-3.6.3\maven-repository\io\netty\netty-transport-native-unix-common\4.1.97.Final\netty-transport-native-unix-common-4.1.97.Final.jar;D:\Jetbrains\maven-3.6.3\maven-repository\io\netty\netty-codec\4.1.97.Final\netty-codec-4.1.97.Final.jar;D:\Jetbrains\maven-3.6.3\maven-repository\io\netty\netty-transport\4.1.97.Final\netty-transport-4.1.97.Final.jar;D:\Jetbrains\maven-3.6.3\maven-repository\io\projectreactor\reactor-core\3.5.9\reactor-core-3.5.9.jar;D:\Jetbrains\maven-3.6.3\maven-repository\org\reactivestreams\reactive-streams\1.0.4\reactive-streams-1.0.4.jar;"/>
    <property name="sun.cpu.endian" value="little"/>
    <property name="user.home" value="C:\Users\shuyuan"/>
    <property name="user.language" value="zh"/>
    <property name="java.specification.vendor" value="Oracle Corporation"/>
    <property name="java.version.date" value="2023-04-18"/>
    <property name="java.home" value="D:\Jetbrains\jdk\jdk20\jdk-20"/>
    <property name="file.separator" value="\"/>
    <property name="basedir" value="C:\Users\shuyuan\Desktop\2024春\软件工程\article_manager\article_manager"/>
    <property name="java.vm.compressedOopsMode" value="Zero based"/>
    <property name="line.separator" value="&#10;"/>
    <property name="java.vm.specification.vendor" value="Oracle Corporation"/>
    <property name="java.specification.name" value="Java Platform API Specification"/>
    <property name="surefire.real.class.path" value="C:\Users\shuyuan\AppData\Local\Temp\surefire15801363124751402410\surefirebooter838950792469645931.jar"/>
    <property name="user.script" value=""/>
    <property name="sun.management.compiler" value="HotSpot 64-Bit Tiered Compilers"/>
    <property name="java.runtime.version" value="20.0.1+9-29"/>
    <property name="user.name" value="shuyuan"/>
    <property name="stdout.encoding" value="GBK"/>
    <property name="path.separator" value=";"/>
    <property name="os.version" value="10.0"/>
    <property name="java.runtime.name" value="Java(TM) SE Runtime Environment"/>
    <property name="file.encoding" value="UTF-8"/>
    <property name="java.vm.name" value="Java HotSpot(TM) 64-Bit Server VM"/>
    <property name="localRepository" value="D:\Jetbrains\maven-3.6.3\maven-repository"/>
    <property name="java.vendor.url.bug" value="https://bugreport.java.com/bugreport/"/>
    <property name="java.io.tmpdir" value="C:\Users\shuyuan\AppData\Local\Temp\"/>
    <property name="idea.version" value="2021.1.3"/>
    <property name="java.version" value="20.0.1"/>
    <property name="user.dir" value="C:\Users\shuyuan\Desktop\2024春\软件工程\article_manager\article_manager"/>
    <property name="os.arch" value="amd64"/>
    <property name="java.vm.specification.name" value="Java Virtual Machine Specification"/>
    <property name="sun.os.patch.level" value=""/>
    <property name="native.encoding" value="GBK"/>
    <property name="java.library.path" value="D:\Jetbrains\jdk\jdk20\jdk-20\bin;C:\Windows\Sun\Java\bin;C:\Windows\system32;C:\Windows;D:\anaconda\condabin;C:\Windows\system32;E:\VMware\bin\;D:\Jetbrains\maven-3.9.6\bin;D:\Jetbrains\jdk\jdk20\jdk-20\bin;D:\Jetbrains\jdk\jdk20\jdk-20\jre\bin;C:\Windows;C:\Windows\System32\Wbem;C:\Windows\System32\WindowsPowerShell\v1.0\;C:\Windows\System32\OpenSSH\;C:\Program Files\NVIDIA Corporation\Nsight Compute 2020.2.1\;C:\Program Files (x86)\NVIDIA Corporation\PhysX\Common;C:\Program Files\NVIDIA Corporation\NVIDIA NvDLISR;D:\Jetbrains\mingw\mingw64\bin;D:\Putty\;D:\MySQL\mysql;D:\MySQL\mysql\bin;C:\Program Files\Pandoc\;D:\Jetbrains\Git\cmd;D:\hadoop\winutils-master\winutils-master\hadoop-3.0.0\bin;D:\Jetbrains\NodeJS\;D:\hadoop\winutils-master\winutils-master\hadoop-3.0.0\sbin;D:\anaconda;D:\anaconda\Scripts;D:\anaconda\Library\bin;D:\anaconda\Library\mingw-w64\bin;D:\anaconda\Library\usr\bin;D:\CUDA_manager\11.1\CUDA1\bin;D:\CUDA_manager\11.1\CUDA1\libnvvp;D:\CUDA_manager\11.1\CUDA1;D:\CUDA_manager\11.1\CUDA1\lib\x64;D:\Jetbrains\Python\Scripts\;D:\Jetbrains\Python\;C:\Users\shuyuan\AppData\Local\Microsoft\WindowsApps;D:\Jetbrains\CLion 2021.2.1\bin;;D:\Jetbrains\PyCharm 2021.1.2\bin;;D:\Jetbrains\IntelliJ IDEA 2021.1.3\bin;;D:\Jetbrains\DataGrip\DataGrip 2021.2.1\bin;;D:\texlive\2023\bin\windows;D:\Jetbrains\Pycharm2023.3.2\PyCharm Community Edition 2023.3.2\bin;;D:\Jetbrains\VSCode\Microsoft VS Code\bin;D:\Jetbrains\IntelliJ IDEA Community Edition 2024.1.1\bin;;C:\Users\shuyuan\AppData\Roaming\npm;."/>
    <property name="java.vm.info" value="mixed mode, sharing"/>
    <property name="stderr.encoding" value="GBK"/>
    <property name="java.vendor" value="Oracle Corporation"/>
    <property name="java.vm.version" value="20.0.1+9-29"/>
    <property name="sun.io.unicode.encoding" value="UnicodeLittle"/>
    <property name="maven.repo.local" value="D:\Jetbrains\maven-3.6.3\maven-repository"/>
    <property name="java.class.version" value="64.0"/>
  </properties>
  <testcase name="findArticleById" classname="com.example.controller.ArticleControllerTest" time="0.02"/>
  <testcase name="findArticleOnlyRead" classname="com.example.controller.ArticleControllerTest" time="0"/>
  <testcase name="delete" classname="com.example.controller.ArticleControllerTest" time="0"/>
  <testcase name="update" classname="com.example.controller.ArticleControllerTest" time="0"/>
  <testcase name="add" classname="com.example.controller.ArticleControllerTest" time="0"/>
  <testcase name="list" classname="com.example.controller.ArticleControllerTest" time="0.001"/>
</testsuite>